# JRE version: OpenJDK Runtime Environment (8.0_292-b10) (build 1.8.0_292-b10)
# Java VM: OpenJDK 64-Bit Server VM (25.292-b10 mixed mode linux-amd64 compressed oops)
Heap:
 PSYoungGen      total 7168K, used 6951K [0x00000000d6800000, 0x00000000d7900000, 0x0000000100000000)
  eden space 5632K, 96% used [0x00000000d6800000,0x00000000d6d4a690,0x00000000d6d80000)
  from space 1536K, 99% used [0x00000000d6d80000,0x00000000d6eff8f0,0x00000000d6f00000)
  to   space 3072K, 0% used [0x00000000d7600000,0x00000000d7600000,0x00000000d7900000)
 ParOldGen       total 5632K, used 3329K [0x0000000083800000, 0x0000000083d80000, 0x00000000d6800000)
  object space 5632K, 59% used [0x0000000083800000,0x0000000083b40708,0x0000000083d80000)
 Metaspace       used 7722K, capacity 8436K, committed 8704K, reserved 1056768K
  class space    used 926K, capacity 944K, committed 1024K, reserved 1048576K
GC Heap History (10 events):
Event: 1.247 GC heap before
{Heap before GC invocations=3 (full 0):
 PSYoungGen      total 2048K, used 2016K [0x00000000d6800000, 0x00000000d6c00000, 0x0000000100000000)
  eden space 1536K, 100% used [0x00000000d6800000,0x00000000d6980000,0x00000000d6980000)
  from space 512K, 93% used [0x00000000d6a00000,0x00000000d6a78030,0x00000000d6a80000)
  to   space 512K, 0% used [0x00000000d6980000,0x00000000d6980000,0x00000000d6a00000)
 ParOldGen       total 5632K, used 160K [0x0000000083800000, 0x0000000083d80000, 0x00000000d6800000)
  object space 5632K, 2% used [0x0000000083800000,0x0000000083828000,0x0000000083d80000)
 Metaspace       used 4550K, capacity 5836K, committed 6016K, reserved 1056768K
  class space    used 544K, capacity 584K, committed 640K, reserved 1048576K
Event: 1.255 GC heap after
Heap after GC invocations=3 (full 0):
 PSYoungGen      total 2048K, used 496K [0x00000000d6800000, 0x00000000d6c00000, 0x0000000100000000)
  eden space 1536K, 0% used [0x00000000d6800000,0x00000000d6800000,0x00000000d6980000)
  from space 512K, 96% used [0x00000000d6980000,0x00000000d69fc010,0x00000000d6a00000)
  to   space 512K, 0% used [0x00000000d6b80000,0x00000000d6b80000,0x00000000d6c00000)
 ParOldGen       total 5632K, used 528K [0x0000000083800000, 0x0000000083d80000, 0x00000000d6800000)
  object space 5632K, 9% used [0x0000000083800000,0x0000000083884020,0x0000000083d80000)
 Metaspace       used 4550K, capacity 5836K, committed 6016K, reserved 1056768K
  class space    used 544K, capacity 584K, committed 640K, reserved 1048576K
}
Event: 1.335 GC heap before
{Heap before GC invocations=4 (full 0):
 PSYoungGen      total 2048K, used 2032K [0x00000000d6800000, 0x00000000d6c00000, 0x0000000100000000)
  eden space 1536K, 100% used [0x00000000d6800000,0x00000000d6980000,0x00000000d6980000)
  from space 512K, 96% used [0x00000000d6980000,0x00000000d69fc010,0x00000000d6a00000)
  to   space 512K, 0% used [0x00000000d6b80000,0x00000000d6b80000,0x00000000d6c00000)
 ParOldGen       total 5632K, used 528K [0x0000000083800000, 0x0000000083d80000, 0x00000000d6800000)
  object space 5632K, 9% used [0x0000000083800000,0x0000000083884020,0x0000000083d80000)
 Metaspace       used 5068K, capacity 6348K, committed 6656K, reserved 1056768K
  class space    used 603K, capacity 648K, committed 768K, reserved 1048576K
Event: 1.336 GC heap after
Heap after GC invocations=4 (full 0):
 PSYoungGen      total 3584K, used 496K [0x00000000d6800000, 0x00000000d6c00000, 0x0000000100000000)
  eden space 3072K, 0% used [0x00000000d6800000,0x00000000d6800000,0x00000000d6b00000)
  from space 512K, 96% used [0x00000000d6b80000,0x00000000d6bfc010,0x00000000d6c00000)
  to   space 512K, 0% used [0x00000000d6b00000,0x00000000d6b00000,0x00000000d6b80000)
 ParOldGen       total 5632K, used 552K [0x0000000083800000, 0x0000000083d80000, 0x00000000d6800000)
  object space 5632K, 9% used [0x0000000083800000,0x000000008388a020,0x0000000083d80000)
 Metaspace       used 5068K, capacity 6348K, committed 6656K, reserved 1056768K
  class space    used 603K, capacity 648K, committed 768K, reserved 1048576K
}
Event: 1.428 GC heap before
{Heap before GC invocations=5 (full 0):
 PSYoungGen      total 3584K, used 3568K [0x00000000d6800000, 0x00000000d6c00000, 0x0000000100000000)
  eden space 3072K, 100% used [0x00000000d6800000,0x00000000d6b00000,0x00000000d6b00000)
  from space 512K, 96% used [0x00000000d6b80000,0x00000000d6bfc010,0x00000000d6c00000)
  to   space 512K, 0% used [0x00000000d6b00000,0x00000000d6b00000,0x00000000d6b80000)
 ParOldGen       total 5632K, used 552K [0x0000000083800000, 0x0000000083d80000, 0x00000000d6800000)
  object space 5632K, 9% used [0x0000000083800000,0x000000008388a020,0x0000000083d80000)
 Metaspace       used 6179K, capacity 7372K, committed 7552K, reserved 1056768K
  class space    used 755K, capacity 776K, committed 896K, reserved 1048576K
Event: 1.430 GC heap after
Heap after GC invocations=5 (full 0):
 PSYoungGen      total 3584K, used 512K [0x00000000d6800000, 0x00000000d7000000, 0x0000000100000000)
  eden space 3072K, 0% used [0x00000000d6800000,0x00000000d6800000,0x00000000d6b00000)
  from space 512K, 100% used [0x00000000d6b00000,0x00000000d6b80000,0x00000000d6b80000)
  to   space 1024K, 0% used [0x00000000d6f00000,0x00000000d6f00000,0x00000000d7000000)
 ParOldGen       total 5632K, used 869K [0x0000000083800000, 0x0000000083d80000, 0x00000000d6800000)
  object space 5632K, 15% used [0x0000000083800000,0x00000000838d9540,0x0000000083d80000)
 Metaspace       used 6179K, capacity 7372K, committed 7552K, reserved 1056768K
  class space    used 755K, capacity 776K, committed 896K, reserved 1048576K
}
Event: 1.591 GC heap before
{Heap before GC invocations=6 (full 0):
 PSYoungGen      total 3584K, used 2789K [0x00000000d6800000, 0x00000000d7000000, 0x0000000100000000)
  eden space 3072K, 74% used [0x00000000d6800000,0x00000000d6a395e8,0x00000000d6b00000)
  from space 512K, 100% used [0x00000000d6b00000,0x00000000d6b80000,0x00000000d6b80000)
  to   space 1024K, 0% used [0x00000000d6f00000,0x00000000d6f00000,0x00000000d7000000)
 ParOldGen       total 5632K, used 869K [0x0000000083800000, 0x0000000083d80000, 0x00000000d6800000)
  object space 5632K, 15% used [0x0000000083800000,0x00000000838d9540,0x0000000083d80000)
 Metaspace       used 7230K, capacity 8084K, committed 8448K, reserved 1056768K
  class space    used 875K, capacity 912K, committed 1024K, reserved 1048576K
Event: 1.599 GC heap after
Heap after GC invocations=6 (full 0):
 PSYoungGen      total 6656K, used 992K [0x00000000d6800000, 0x00000000d7100000, 0x0000000100000000)
  eden space 5632K, 0% used [0x00000000d6800000,0x00000000d6800000,0x00000000d6d80000)
  from space 1024K, 96% used [0x00000000d6f00000,0x00000000d6ff8020,0x00000000d7000000)
  to   space 1536K, 0% used [0x00000000d6d80000,0x00000000d6d80000,0x00000000d6f00000)
 ParOldGen       total 5632K, used 877K [0x0000000083800000, 0x0000000083d80000, 0x00000000d6800000)
  object space 5632K, 15% used [0x0000000083800000,0x00000000838db540,0x0000000083d80000)
 Metaspace       used 7230K, capacity 8084K, committed 8448K, reserved 1056768K
  class space    used 875K, capacity 912K, committed 1024K, reserved 1048576K
}
Event: 1.657 GC heap before
{Heap before GC invocations=7 (full 0):
 PSYoungGen      total 6656K, used 6624K [0x00000000d6800000, 0x00000000d7100000, 0x0000000100000000)
  eden space 5632K, 100% used [0x00000000d6800000,0x00000000d6d80000,0x00000000d6d80000)
  from space 1024K, 96% used [0x00000000d6f00000,0x00000000d6ff8020,0x00000000d7000000)
  to   space 1536K, 0% used [0x00000000d6d80000,0x00000000d6d80000,0x00000000d6f00000)
 ParOldGen       total 5632K, used 877K [0x0000000083800000, 0x0000000083d80000, 0x00000000d6800000)
  object space 5632K, 15% used [0x0000000083800000,0x00000000838db540,0x0000000083d80000)
 Metaspace       used 7255K, capacity 8084K, committed 8448K, reserved 1056768K
  class space    used 875K, capacity 912K, committed 1024K, reserved 1048576K
Event: 1.666 GC heap after
Heap after GC invocations=7 (full 0):
 PSYoungGen      total 7168K, used 1534K [0x00000000d6800000, 0x00000000d7900000, 0x0000000100000000)
  eden space 5632K, 0% used [0x00000000d6800000,0x00000000d6800000,0x00000000d6d80000)
  from space 1536K, 99% used [0x00000000d6d80000,0x00000000d6eff8f0,0x00000000d6f00000)
  to   space 3072K, 0% used [0x00000000d7600000,0x00000000d7600000,0x00000000d7900000)
 ParOldGen       total 5632K, used 3329K [0x0000000083800000, 0x0000000083d80000, 0x00000000d6800000)
  object space 5632K, 59% used [0x0000000083800000,0x0000000083b40708,0x0000000083d80000)
 Metaspace       used 7255K, capacity 8084K, committed 8448K, reserved 1056768K
  class space    used 875K, capacity 912K, committed 1024K, reserved 1048576K
}

